<?xml version="1.0" encoding="UTF-8"?>
<!-- Generated by org.testng.reporters.JUnitReportReporter -->
<testsuite skipped="0" hostname="Subhaneil-PC" name="com.ecomm.shcart.RSAcademy1.GreenKart" tests="1" failures="0" timestamp="27 Jun 2020 17:23:49 GMT" time="11.627" errors="0">
  <testcase name="selectVegetable" time="11.627" classname="com.ecomm.shcart.RSAcademy1.GreenKart"/>
</testsuite> <!-- com.ecomm.shcart.RSAcademy1.GreenKart -->
